<?xml version="1.0" encoding="UTF-8"?>
<testsuite name="io.pleo.antaeus.data.integration.repositories.InvoiceRepositoryIntegrationTest" tests="4" skipped="0" failures="0" errors="0" timestamp="2023-12-26T22:35:53" hostname="Szymons-MBP.technicolor.net" time="0.158">
  <properties/>
  <testcase name="should add a invoice()" classname="io.pleo.antaeus.data.integration.repositories.InvoiceRepositoryIntegrationTest" time="0.029"/>
  <testcase name="should fetch all invoices()" classname="io.pleo.antaeus.data.integration.repositories.InvoiceRepositoryIntegrationTest" time="0.03"/>
  <testcase name="should update a invoice()" classname="io.pleo.antaeus.data.integration.repositories.InvoiceRepositoryIntegrationTest" time="0.032"/>
  <testcase name="should fetch a invoice by id()" classname="io.pleo.antaeus.data.integration.repositories.InvoiceRepositoryIntegrationTest" time="0.021"/>
  <system-out><![CDATA[SQL: DROP TABLE IF EXISTS joblock
SQL: DROP TABLE IF EXISTS invoice
SQL: DROP TABLE IF EXISTS customer
SQL: CREATE TABLE IF NOT EXISTS customer (id SERIAL, currency VARCHAR(3) NOT NULL, CONSTRAINT pk_customer_id PRIMARY KEY (id))
SQL: CREATE TABLE IF NOT EXISTS invoice (id SERIAL, currency VARCHAR(3) NOT NULL, "value" DECIMAL(1000, 2) NOT NULL, customer_id INT NOT NULL, status TEXT NOT NULL, CONSTRAINT pk_invoice_id PRIMARY KEY (id), CONSTRAINT fk_invoice_customer_id__id FOREIGN KEY (customer_id) REFERENCES customer(id) ON DELETE RESTRICT ON UPDATE RESTRICT)
SQL: CREATE INDEX idx_invoice_status ON invoice (status)
SQL: CREATE TABLE IF NOT EXISTS joblock (id SERIAL, "name" VARCHAR(128) NOT NULL, "locked" BOOLEAN NOT NULL, CONSTRAINT pk_job_lock_id PRIMARY KEY (id))
SQL: ALTER TABLE joblock ADD CONSTRAINT joblock_name_unique UNIQUE ("name")
SQL: DROP TABLE IF EXISTS joblock
SQL: DROP TABLE IF EXISTS invoice
SQL: DROP TABLE IF EXISTS customer
SQL: CREATE TABLE IF NOT EXISTS customer (id SERIAL, currency VARCHAR(3) NOT NULL, CONSTRAINT pk_customer_id PRIMARY KEY (id))
SQL: CREATE TABLE IF NOT EXISTS invoice (id SERIAL, currency VARCHAR(3) NOT NULL, "value" DECIMAL(1000, 2) NOT NULL, customer_id INT NOT NULL, status TEXT NOT NULL, CONSTRAINT pk_invoice_id PRIMARY KEY (id), CONSTRAINT fk_invoice_customer_id__id FOREIGN KEY (customer_id) REFERENCES customer(id) ON DELETE RESTRICT ON UPDATE RESTRICT)
SQL: CREATE INDEX idx_invoice_status ON invoice (status)
SQL: CREATE TABLE IF NOT EXISTS joblock (id SERIAL, "name" VARCHAR(128) NOT NULL, "locked" BOOLEAN NOT NULL, CONSTRAINT pk_job_lock_id PRIMARY KEY (id))
SQL: ALTER TABLE joblock ADD CONSTRAINT joblock_name_unique UNIQUE ("name")
SQL: DROP TABLE IF EXISTS joblock
SQL: DROP TABLE IF EXISTS invoice
SQL: DROP TABLE IF EXISTS customer
SQL: CREATE TABLE IF NOT EXISTS customer (id SERIAL, currency VARCHAR(3) NOT NULL, CONSTRAINT pk_customer_id PRIMARY KEY (id))
SQL: CREATE TABLE IF NOT EXISTS invoice (id SERIAL, currency VARCHAR(3) NOT NULL, "value" DECIMAL(1000, 2) NOT NULL, customer_id INT NOT NULL, status TEXT NOT NULL, CONSTRAINT pk_invoice_id PRIMARY KEY (id), CONSTRAINT fk_invoice_customer_id__id FOREIGN KEY (customer_id) REFERENCES customer(id) ON DELETE RESTRICT ON UPDATE RESTRICT)
SQL: CREATE INDEX idx_invoice_status ON invoice (status)
SQL: CREATE TABLE IF NOT EXISTS joblock (id SERIAL, "name" VARCHAR(128) NOT NULL, "locked" BOOLEAN NOT NULL, CONSTRAINT pk_job_lock_id PRIMARY KEY (id))
SQL: ALTER TABLE joblock ADD CONSTRAINT joblock_name_unique UNIQUE ("name")
SQL: DROP TABLE IF EXISTS joblock
SQL: DROP TABLE IF EXISTS invoice
SQL: DROP TABLE IF EXISTS customer
SQL: CREATE TABLE IF NOT EXISTS customer (id SERIAL, currency VARCHAR(3) NOT NULL, CONSTRAINT pk_customer_id PRIMARY KEY (id))
SQL: CREATE TABLE IF NOT EXISTS invoice (id SERIAL, currency VARCHAR(3) NOT NULL, "value" DECIMAL(1000, 2) NOT NULL, customer_id INT NOT NULL, status TEXT NOT NULL, CONSTRAINT pk_invoice_id PRIMARY KEY (id), CONSTRAINT fk_invoice_customer_id__id FOREIGN KEY (customer_id) REFERENCES customer(id) ON DELETE RESTRICT ON UPDATE RESTRICT)
SQL: CREATE INDEX idx_invoice_status ON invoice (status)
SQL: CREATE TABLE IF NOT EXISTS joblock (id SERIAL, "name" VARCHAR(128) NOT NULL, "locked" BOOLEAN NOT NULL, CONSTRAINT pk_job_lock_id PRIMARY KEY (id))
SQL: ALTER TABLE joblock ADD CONSTRAINT joblock_name_unique UNIQUE ("name")
]]></system-out>
  <system-err><![CDATA[[Test worker] INFO tc.postgres:15.2 - Creating container for image: postgres:15.2
[Test worker] INFO tc.postgres:15.2 - Container postgres:15.2 is starting: 62c69241f90ce2bbd5414343985142866802e15d30529ad14c5297efc4757131
[Test worker] INFO tc.postgres:15.2 - Container postgres:15.2 started in PT0.883581S
[Test worker] INFO tc.postgres:15.2 - Container is started (JDBC URL: jdbc:postgresql://localhost:54290/test?loggerLevel=OFF)
[Test worker] INFO com.zaxxer.hikari.HikariDataSource - HikariPool-7 - Starting...
[Test worker] INFO com.zaxxer.hikari.pool.HikariPool - HikariPool-7 - Added connection org.postgresql.jdbc.PgConnection@4f1fb828
[Test worker] INFO com.zaxxer.hikari.HikariDataSource - HikariPool-7 - Start completed.
[Test worker] WARN Exposed - Keyword identifier used: 'value'. Case sensitivity may not be kept when quoted by default: 'value'. To keep case sensitivity, opt-in and set 'preserveKeywordCasing' to true in DatabaseConfig block.
[Test worker] WARN Exposed - Keyword identifier used: 'name'. Case sensitivity may not be kept when quoted by default: 'name'. To keep case sensitivity, opt-in and set 'preserveKeywordCasing' to true in DatabaseConfig block.
[Test worker] WARN Exposed - Keyword identifier used: 'locked'. Case sensitivity may not be kept when quoted by default: 'locked'. To keep case sensitivity, opt-in and set 'preserveKeywordCasing' to true in DatabaseConfig block.
[Test worker] INFO com.zaxxer.hikari.HikariDataSource - HikariPool-8 - Starting...
[Test worker] INFO com.zaxxer.hikari.pool.HikariPool - HikariPool-8 - Added connection org.postgresql.jdbc.PgConnection@382dc417
[Test worker] INFO com.zaxxer.hikari.HikariDataSource - HikariPool-8 - Start completed.
[Test worker] WARN Exposed - Keyword identifier used: 'value'. Case sensitivity may not be kept when quoted by default: 'value'. To keep case sensitivity, opt-in and set 'preserveKeywordCasing' to true in DatabaseConfig block.
[Test worker] WARN Exposed - Keyword identifier used: 'name'. Case sensitivity may not be kept when quoted by default: 'name'. To keep case sensitivity, opt-in and set 'preserveKeywordCasing' to true in DatabaseConfig block.
[Test worker] WARN Exposed - Keyword identifier used: 'locked'. Case sensitivity may not be kept when quoted by default: 'locked'. To keep case sensitivity, opt-in and set 'preserveKeywordCasing' to true in DatabaseConfig block.
[Test worker] INFO com.zaxxer.hikari.HikariDataSource - HikariPool-9 - Starting...
[Test worker] INFO com.zaxxer.hikari.pool.HikariPool - HikariPool-9 - Added connection org.postgresql.jdbc.PgConnection@592ca48c
[Test worker] INFO com.zaxxer.hikari.HikariDataSource - HikariPool-9 - Start completed.
[Test worker] WARN Exposed - Keyword identifier used: 'value'. Case sensitivity may not be kept when quoted by default: 'value'. To keep case sensitivity, opt-in and set 'preserveKeywordCasing' to true in DatabaseConfig block.
[Test worker] WARN Exposed - Keyword identifier used: 'name'. Case sensitivity may not be kept when quoted by default: 'name'. To keep case sensitivity, opt-in and set 'preserveKeywordCasing' to true in DatabaseConfig block.
[Test worker] WARN Exposed - Keyword identifier used: 'locked'. Case sensitivity may not be kept when quoted by default: 'locked'. To keep case sensitivity, opt-in and set 'preserveKeywordCasing' to true in DatabaseConfig block.
[Test worker] INFO com.zaxxer.hikari.HikariDataSource - HikariPool-10 - Starting...
[Test worker] INFO com.zaxxer.hikari.pool.HikariPool - HikariPool-10 - Added connection org.postgresql.jdbc.PgConnection@6b37df8e
[Test worker] INFO com.zaxxer.hikari.HikariDataSource - HikariPool-10 - Start completed.
[Test worker] WARN Exposed - Keyword identifier used: 'value'. Case sensitivity may not be kept when quoted by default: 'value'. To keep case sensitivity, opt-in and set 'preserveKeywordCasing' to true in DatabaseConfig block.
[Test worker] WARN Exposed - Keyword identifier used: 'name'. Case sensitivity may not be kept when quoted by default: 'name'. To keep case sensitivity, opt-in and set 'preserveKeywordCasing' to true in DatabaseConfig block.
[Test worker] WARN Exposed - Keyword identifier used: 'locked'. Case sensitivity may not be kept when quoted by default: 'locked'. To keep case sensitivity, opt-in and set 'preserveKeywordCasing' to true in DatabaseConfig block.
]]></system-err>
</testsuite>
