<?xml version="1.0" encoding="UTF-8"?>
<testsuite name="io.pleo.antaeus.messaging.consumer.EventConsumerTest" tests="1" skipped="1" failures="0" errors="0" timestamp="2023-12-26T22:35:54" hostname="Szymons-MBP.technicolor.net" time="0.0">
  <properties/>
  <testcase name="refund authorized event is consumed successfully()" classname="io.pleo.antaeus.messaging.consumer.EventConsumerTest" time="0.0">
    <skipped/>
  </testcase>
  <system-out><![CDATA[]]></system-out>
  <system-err><![CDATA[]]></system-err>
</testsuite>
