<?xml version="1.0" encoding="UTF-8"?>
<testsuite name="io.pleo.antaeus.core.services.billing.BillingProcessorTest" tests="2" skipped="0" failures="0" errors="0" timestamp="2023-12-26T22:35:48" hostname="Szymons-MBP.technicolor.net" time="0.105">
  <properties/>
  <testcase name="should process pending invoices when there is at least one pending invoice()" classname="io.pleo.antaeus.core.services.billing.BillingProcessorTest" time="0.101"/>
  <testcase name="should not process any invoice when there are no pending invoices()" classname="io.pleo.antaeus.core.services.billing.BillingProcessorTest" time="0.004"/>
  <system-out><![CDATA[]]></system-out>
  <system-err><![CDATA[]]></system-err>
</testsuite>
