<?xml version="1.0" encoding="UTF-8"?>
<testsuite name="io.pleo.antaeus.core.services.invoice.InvoiceServiceTest" tests="6" skipped="0" failures="0" errors="0" timestamp="2023-12-26T22:35:48" hostname="Szymons-MBP.technicolor.net" time="0.012">
  <properties/>
  <testcase name="should return invoice when it exists()" classname="io.pleo.antaeus.core.services.invoice.InvoiceServiceTest" time="0.002"/>
  <testcase name="should mark invoice as failed()" classname="io.pleo.antaeus.core.services.invoice.InvoiceServiceTest" time="0.003"/>
  <testcase name="should return InvoiceNotFound error if invoice is not found()" classname="io.pleo.antaeus.core.services.invoice.InvoiceServiceTest" time="0.001"/>
  <testcase name="should mark invoice as paid()" classname="io.pleo.antaeus.core.services.invoice.InvoiceServiceTest" time="0.002"/>
  <testcase name="should return all pending invoices()" classname="io.pleo.antaeus.core.services.invoice.InvoiceServiceTest" time="0.003"/>
  <testcase name="should return all invoices()" classname="io.pleo.antaeus.core.services.invoice.InvoiceServiceTest" time="0.001"/>
  <system-out><![CDATA[]]></system-out>
  <system-err><![CDATA[]]></system-err>
</testsuite>
